<?xml version="1.0" encoding="UTF-8"?>
<!-- Generated by org.testng.reporters.JUnitReportReporter -->
<testsuite hostname="MAVBCP3296" failures="0" tests="2" name="com.picnic.CrossBrowserScript" time="37.197" errors="0" timestamp="2021-09-17T09:16:35 IST" skipped="0">
  <testcase classname="com.picnic.CrossBrowserScript" name="testParameterWithXML" time="19.833"/>
  <system-out/>
  <testcase classname="com.picnic.CrossBrowserScript" name="testParameterWithXML" time="17.364"/>
  <system-out/>
</testsuite> <!-- com.picnic.CrossBrowserScript -->
