<?xml version="1.0" encoding="UTF-8"?>
<!-- Generated by org.testng.reporters.JUnitReportReporter -->
<testsuite hostname="MAVBCP3296" failures="0" tests="2" name="com.picnic.RecorderScript" time="41.453" errors="0" timestamp="2021-09-15T18:26:59 IST" skipped="0">
  <testcase classname="com.picnic.RecorderScript" name="testParameterWithXML" time="20.647"/>
  <system-out/>
  <testcase classname="com.picnic.RecorderScript" name="testParameterWithXML" time="20.806"/>
  <system-out/>
</testsuite> <!-- com.picnic.RecorderScript -->
