<?xml version="1.0" encoding="UTF-8"?>
<!-- Generated by org.testng.reporters.JUnitReportReporter -->
<testsuite hostname="MAVBCP3296" failures="0" tests="2" name="com.picnic.SampleSelenium" time="20.926" errors="0" timestamp="2021-09-14T13:24:53 IST" skipped="0">
  <testcase classname="com.picnic.SampleSelenium" name="TestMethod2" time="10.003"/>
  <system-out/>
  <testcase classname="com.picnic.SampleSelenium" name="TestMethod" time="10.923"/>
  <system-out/>
</testsuite> <!-- com.picnic.SampleSelenium -->
