<?xml version="1.0" encoding="UTF-8"?>
<!-- Generated by org.testng.reporters.JUnitReportReporter -->
<testsuite skipped="0" hostname="MAVBCP3296" name="com.picnic.CrossBrowserScript" tests="2" failures="0" timestamp="2021-09-17T12:21:53 IST" time="42.540" errors="0">
  <testcase name="testParameterWithXML" time="19.456" classname="com.picnic.CrossBrowserScript"/>
  <system-out/>
  <testcase name="testParameterWithXML" time="23.084" classname="com.picnic.CrossBrowserScript"/>
  <system-out/>
</testsuite> <!-- com.picnic.CrossBrowserScript -->
